2023-06-09 00:34:28:3428 [35mhttp[39m: [35mPOST /api/v1/auth/login 200 530 - 195.602 ms[39m
[35m[39m
09-06-2023 00:34:58:3458 [35mhttp[39m: [35mPOST /api/v1/auth/login 200 530 - 163.454 ms[39m
[35m[39m
09-06-2023 00:35:25:3525 [35mhttp[39m: [35mGET /api/v1/regions/provinces 200 1272 - 138.047 ms[39m
[35m[39m
09-06-2023 00:36:29:3629 [35mhttp[39m: [35mPOST /api/v1/auth/login 200 530 - 108.039 ms[39m
[35m[39m
09-06-2023 00:41:36:4136 [32minfo[39m: [32m===app.ts===: Prisma ORM connected![39m
09-06-2023 00:41:36:4136 [32minfo[39m: [32m===app.ts===: Easy Copies API started at port 5000[39m
09-06-2023 00:41:37:4137 [32minfo[39m: [32m===app.ts===: Prisma ORM connected![39m
09-06-2023 00:41:37:4137 [32minfo[39m: [32m===app-nodemailer-wrapper.service.ts===: Ready to send mail![39m
09-06-2023 00:41:49:4149 [35mhttp[39m: [35mPOST /api/v1/auth/login 200 530 - 192.066 ms[39m
[35m[39m
09-06-2023 00:42:34:4234 [32minfo[39m: [32m===app.ts===: Prisma ORM connected![39m
09-06-2023 00:42:34:4234 [32minfo[39m: [32m===app.ts===: Easy Copies API started at port 5000[39m
09-06-2023 00:42:35:4235 [32minfo[39m: [32m===app-nodemailer-wrapper.service.ts===: Ready to send mail![39m
09-06-2023 00:43:36:4336 [32minfo[39m: [32m===app.ts===: Prisma ORM connected![39m
09-06-2023 00:43:36:4336 [32minfo[39m: [32m===app.ts===: Easy Copies API started at port 5000[39m
09-06-2023 00:43:37:4337 [32minfo[39m: [32m===app-nodemailer-wrapper.service.ts===: Ready to send mail![39m
09-06-2023 00:43:43:4343 [32minfo[39m: [32m===app.ts===: Prisma ORM connected![39m
09-06-2023 00:43:43:4343 [32minfo[39m: [32m===app.ts===: Easy Copies API started at port 5000[39m
09-06-2023 00:43:43:4343 [32minfo[39m: [32m===app.ts===: Prisma ORM connected![39m
09-06-2023 00:43:43:4343 [32minfo[39m: [32m===app.ts===: Easy Copies API started at port 5000[39m
09-06-2023 00:43:46:4346 [32minfo[39m: [32m===app.ts===: Prisma ORM connected![39m
09-06-2023 00:43:46:4346 [32minfo[39m: [32m===app.ts===: Easy Copies API started at port 5000[39m
09-06-2023 00:43:47:4347 [32minfo[39m: [32m===app-nodemailer-wrapper.service.ts===: Ready to send mail![39m
09-06-2023 00:43:52:4352 [32minfo[39m: [32m===app.ts===: Prisma ORM connected![39m
09-06-2023 00:43:52:4352 [32minfo[39m: [32m===app.ts===: Easy Copies API started at port 5000[39m
09-06-2023 00:43:55:4355 [32minfo[39m: [32m===app.ts===: Prisma ORM connected![39m
09-06-2023 00:43:55:4355 [32minfo[39m: [32m===app.ts===: Easy Copies API started at port 5000[39m
09-06-2023 00:43:55:4355 [32minfo[39m: [32m===app-nodemailer-wrapper.service.ts===: Ready to send mail![39m
09-06-2023 00:44:05:445 [32minfo[39m: [32m===app.ts===: Prisma ORM connected![39m
09-06-2023 00:44:05:445 [32minfo[39m: [32m===app.ts===: Easy Copies API started at port 5000[39m
09-06-2023 00:44:08:448 [32minfo[39m: [32m===app.ts===: Prisma ORM connected![39m
09-06-2023 00:44:08:448 [32minfo[39m: [32m===app.ts===: Easy Copies API started at port 5000[39m
09-06-2023 00:44:09:449 [32minfo[39m: [32m===app-nodemailer-wrapper.service.ts===: Ready to send mail![39m
09-06-2023 00:44:25:4425 [32minfo[39m: [32m===app.ts===: Prisma ORM connected![39m
09-06-2023 00:44:25:4425 [32minfo[39m: [32m===app.ts===: Easy Copies API started at port 5000[39m
09-06-2023 00:44:27:4427 [32minfo[39m: [32m===app.ts===: Prisma ORM connected![39m
09-06-2023 00:44:27:4427 [32minfo[39m: [32m===app.ts===: Easy Copies API started at port 5000[39m
09-06-2023 00:44:28:4428 [32minfo[39m: [32m===app-nodemailer-wrapper.service.ts===: Ready to send mail![39m
09-06-2023 00:44:52:4452 [32minfo[39m: [32m===app.ts===: Prisma ORM connected![39m
09-06-2023 00:44:52:4452 [32minfo[39m: [32m===app.ts===: Easy Copies API started at port 5000[39m
09-06-2023 00:44:55:4455 [32minfo[39m: [32m===app.ts===: Prisma ORM connected![39m
09-06-2023 00:44:55:4455 [32minfo[39m: [32m===app.ts===: Easy Copies API started at port 5000[39m
09-06-2023 00:44:56:4456 [32minfo[39m: [32m===app-nodemailer-wrapper.service.ts===: Ready to send mail![39m
09-06-2023 00:44:56:4456 [35mhttp[39m: [35mPOST /api/v1/auth/login 200 {"email":"test.hudaprasetyo@gmail.com","password":"password"} - 141.971 ms[39m
[35m[39m
09-06-2023 00:45:19:4519 [32minfo[39m: [32m===app.ts===: Prisma ORM connected![39m
09-06-2023 00:45:19:4519 [32minfo[39m: [32m===app.ts===: Easy Copies API started at port 5000[39m
09-06-2023 00:45:19:4519 [32minfo[39m: [32m===app-nodemailer-wrapper.service.ts===: Ready to send mail![39m
09-06-2023 00:45:22:4522 [32minfo[39m: [32m===app.ts===: Prisma ORM connected![39m
09-06-2023 00:45:22:4522 [32minfo[39m: [32m===app.ts===: Easy Copies API started at port 5000[39m
09-06-2023 00:45:23:4523 [32minfo[39m: [32m===app-nodemailer-wrapper.service.ts===: Ready to send mail![39m
09-06-2023 00:45:30:4530 [32minfo[39m: [32m===app.ts===: Prisma ORM connected![39m
09-06-2023 00:45:30:4530 [32minfo[39m: [32m===app.ts===: Easy Copies API started at port 5000[39m
09-06-2023 00:45:33:4533 [32minfo[39m: [32m===app.ts===: Prisma ORM connected![39m
09-06-2023 00:45:33:4533 [32minfo[39m: [32m===app.ts===: Easy Copies API started at port 5000[39m
09-06-2023 00:45:33:4533 [32minfo[39m: [32m===app-nodemailer-wrapper.service.ts===: Ready to send mail![39m
09-06-2023 00:45:34:4534 [35mhttp[39m: [35mPOST /api/v1/auth/login 200 {"email":"test.hudaprasetyo@gmail.com","password":"password"} - 127.294 ms[39m
[35m[39m
09-06-2023 00:45:39:4539 [31merror[39m: [31m===app-error.middleware.ts===: "Invalid credentials"[39m
09-06-2023 00:45:39:4539 [35mhttp[39m: [35mPOST /api/v1/auth/login 400 {"email":"testhudaprasetyo@gmail.com","password":"password"} - 5.730 ms[39m
[35m[39m
09-06-2023 00:45:49:4549 [35mhttp[39m: [35mPOST /api/v1/auth/login 200 {"email":"test.hudaprasetyo@gmail.com","password":"password"} - 99.737 ms[39m
[35m[39m
09-06-2023 00:46:31:4631 [32minfo[39m: [32m===app.ts===: Prisma ORM connected![39m
09-06-2023 00:46:31:4631 [32minfo[39m: [32m===app.ts===: Easy Copies API started at port 5000[39m
09-06-2023 00:46:32:4632 [32minfo[39m: [32m===app-nodemailer-wrapper.service.ts===: Ready to send mail![39m
09-06-2023 00:46:36:4636 [32minfo[39m: [32m===app.ts===: Prisma ORM connected![39m
09-06-2023 00:46:36:4636 [32minfo[39m: [32m===app.ts===: Easy Copies API started at port 5000[39m
09-06-2023 00:46:38:4638 [32minfo[39m: [32m===app.ts===: Prisma ORM connected![39m
09-06-2023 00:46:38:4638 [32minfo[39m: [32m===app.ts===: Easy Copies API started at port 5000[39m
09-06-2023 00:46:39:4639 [35mhttp[39m: [35mPOST /api/v1/auth/login 200 {"email":"test.hudaprasetyo@gmail.com","password":"password"} - - 122.161 ms[39m
[35m[39m
09-06-2023 00:46:39:4639 [32minfo[39m: [32m===app-nodemailer-wrapper.service.ts===: Ready to send mail![39m
09-06-2023 00:46:50:4650 [32minfo[39m: [32m===app.ts===: Prisma ORM connected![39m
09-06-2023 00:46:50:4650 [32minfo[39m: [32m===app.ts===: Easy Copies API started at port 5000[39m
09-06-2023 00:46:51:4651 [32minfo[39m: [32m===app-nodemailer-wrapper.service.ts===: Ready to send mail![39m
09-06-2023 00:46:52:4652 [35mhttp[39m: [35mPOST /api/v1/auth/login 200 {"email":"test.hudaprasetyo@gmail.com","password":"password"} - - 130.869 ms[39m
[35m[39m
09-06-2023 00:48:25:4825 [32minfo[39m: [32m===app.ts===: Prisma ORM connected![39m
09-06-2023 00:48:25:4825 [32minfo[39m: [32m===app.ts===: Easy Copies API started at port 5000[39m
09-06-2023 00:48:26:4826 [32minfo[39m: [32m===app-nodemailer-wrapper.service.ts===: Ready to send mail![39m
09-06-2023 00:48:31:4831 [32minfo[39m: [32m===app.ts===: Prisma ORM connected![39m
09-06-2023 00:48:31:4831 [32minfo[39m: [32m===app.ts===: Easy Copies API started at port 5000[39m
09-06-2023 00:48:32:4832 [32minfo[39m: [32m===app-nodemailer-wrapper.service.ts===: Ready to send mail![39m
09-06-2023 00:48:34:4834 [35mhttp[39m: [35mPOST /api/v1/auth/login 200 {"email":"test.hudaprasetyo@gmail.com","password":"password"} - 130.461 ms[39m
[35m[39m
09-06-2023 00:49:00:490 [31merror[39m: [31m===app-error.middleware.ts===: "Invalid credentials"[39m
09-06-2023 00:49:00:490 [35mhttp[39m: [35mPOST /api/v1/auth/login 400 {"email":"testhudaprasetyo@gmail.com","password":"password"} - 15.686 ms[39m
[35m[39m
09-06-2023 00:50:52:5052 [32minfo[39m: [32m===app.ts===: Prisma ORM connected![39m
09-06-2023 00:50:52:5052 [32minfo[39m: [32m===app.ts===: Easy Copies API started at port 5000[39m
09-06-2023 00:50:53:5053 [32minfo[39m: [32m===app-nodemailer-wrapper.service.ts===: Ready to send mail![39m
09-06-2023 00:52:29:5229 [32minfo[39m: [32m===app.ts===: Prisma ORM connected![39m
09-06-2023 00:52:29:5229 [32minfo[39m: [32m===app.ts===: Easy Copies API started at port 5000[39m
09-06-2023 00:52:30:5230 [32minfo[39m: [32m===app-nodemailer-wrapper.service.ts===: Ready to send mail![39m
09-06-2023 00:52:32:5232 [35mhttp[39m: [35mPOST /api/v1/auth/login 200 {"email":"test.hudaprasetyo@gmail.com","password":"password"} - 147.736 ms[39m
[35m[39m
09-06-2023 00:52:32:5232 [32minfo[39m: [32m[39m
[32m[96mRequest: [93mPOST [97m/api/v1/auth/login [90mat [37mFri Jun 09 2023 00:52:32 GMT+0700, [90mIP: [37m::1[0m, [90mUser Agent: PostmanRuntime/7.32.2[0m[39m
[32m[39m
09-06-2023 00:52:32:5232 [32minfo[39m: [32m[95mRequest Body:[0m[39m
[32m[97m{[0m[39m
[32m[97m	"email": "test.hudaprasetyo@gmail.com",[0m[39m
[32m[97m	"password": "password"[0m[39m
[32m[97m}[0m[39m
[32m[39m
09-06-2023 00:52:32:5232 [32minfo[39m: [32m[95mResponse Body:[0m[39m
[32m[97m{[0m[39m
[32m[97m	"message": "OK",[0m[39m
[32m[97m	"result": {[0m[39m
[32m[97m		"token": "eyJhbGciOiJIUzI1NiIsInR5cCI6IkpXVCJ9.eyJpZCI6ImNkMGMxOTg3LTVjNWQtNDBmNS1iM2MyLTgwODQxYWIwMTNiNyIsImVtYWlsIjoidGVzdC5odWRhcHJhc2V0eW9AZ21haWwuY29tIiwiaWF0IjoxNjg2MjQ2NzUyLCJleHAiOjE2ODYyNDcwNTJ9.0YBYsibKiHe58Uoocx3Deas07Up5_BFLVlvRkvwAZds",[0m[39m
[32m[97m		"refreshToken": "eyJhbGciOiJIUzI1NiIsInR5cCI6IkpXVCJ9.eyJpZCI6ImNkMGMxOTg3LTVjNWQtNDBmNS1iM2MyLTgwODQxYWIwMTNiNyIsImVtYWlsIjoidGVzdC5odWRhcHJhc2V0eW9AZ21haWwuY29tIiwiaWF0IjoxNjg2MjQ2NzUyLCJleHAiOjE2ODYyNDczNTJ9.UbdlAmTw4mOwVwJmop9vLGmVJivCArfTn0QFp03on4o"[0m[39m
[32m[97m	}[0m[39m
[32m[97m}[0m[39m
[32m[39m
09-06-2023 00:52:32:5232 [32minfo[39m: [32m[96mResponse: [32m200 [37m147.736 ms [39m
[32m[39m
