13-06-2023 23:22:59:2259 [31merror[39m: [31m===app-error.middleware.ts===: "jwt expired"[39m
13-06-2023 23:23:06:236 [31merror[39m: [31m===app-error.middleware.ts===: "You did not have active role"[39m
13-06-2023 23:24:03:243 [31merror[39m: [31m===app-error.middleware.ts===: "\nInvalid `prisma.store.findMany()` invocation in\n/Users/hudaboss/Projects/EasyCopies/API/src/store/controllers/store-v1.controller.ts:63:41\n\n  60 \t\treq.currentUser?.id as string\n  61 \t)\n  62 \n→ 63 const storeList = await prisma.store.findMany({\n       take: 10,\n       skip: 0,\n       orderBy: {\n         createdAt: 'desc'\n       },\n       include: {\n         province: true,\n         district: true,\n         regency: true,\n         user: {\n           select: {\n             id: true,\n             name: true\n           }\n         }\n       },\n       where: {\n         userId: undefined,\n         status: {\n           equals: 'WaitingBeProcess'\n         }\n         ~~~~~~~~~~~~~~~~~~~~~~~~~~~~\n       }\n     })\n\nArgument status: Provided value \n{\n  equals: 'WaitingBeProcess'\n}\nof type Json on prisma.findManyStore is not a StoreApprovalStatus.\n→ Possible values: StoreApprovalStatus.Pending, StoreApprovalStatus.Cancel, StoreApprovalStatus.Rejected, StoreApprovalStatus.Revise, StoreApprovalStatus.Revised, StoreApprovalStatus.OnReview, StoreApprovalStatus.Approved\n\n"[39m
13-06-2023 23:24:24:2424 [31merror[39m: [31m===app-error.middleware.ts===: "\nInvalid `prisma.store.findMany()` invocation in\n/Users/hudaboss/Projects/EasyCopies/API/src/store/controllers/store-v1.controller.ts:63:41\n\n  60 \t\treq.currentUser?.id as string\n  61 \t)\n  62 \n→ 63 const storeList = await prisma.store.findMany({\n       take: 10,\n       skip: 0,\n       orderBy: {\n         createdAt: 'desc'\n       },\n       include: {\n         province: true,\n         district: true,\n         regency: true,\n         user: {\n           select: {\n             id: true,\n             name: true\n           }\n         }\n       },\n       where: {\n         userId: undefined,\n         status: {\n           equals: 'WaitingBeProcess'\n         }\n         ~~~~~~~~~~~~~~~~~~~~~~~~~~~~\n       }\n     })\n\nArgument status: Provided value \n{\n  equals: 'WaitingBeProcess'\n}\nof type Json on prisma.findManyStore is not a StoreApprovalStatus.\n→ Possible values: StoreApprovalStatus.Pending, StoreApprovalStatus.Cancel, StoreApprovalStatus.Rejected, StoreApprovalStatus.Revise, StoreApprovalStatus.Revised, StoreApprovalStatus.OnReview, StoreApprovalStatus.Approved\n\n"[39m
13-06-2023 23:24:25:2425 [31merror[39m: [31m===app-error.middleware.ts===: "\nInvalid `prisma.store.findMany()` invocation in\n/Users/hudaboss/Projects/EasyCopies/API/src/store/controllers/store-v1.controller.ts:63:41\n\n  60 \t\treq.currentUser?.id as string\n  61 \t)\n  62 \n→ 63 const storeList = await prisma.store.findMany({\n       take: 10,\n       skip: 0,\n       orderBy: {\n         createdAt: 'desc'\n       },\n       include: {\n         province: true,\n         district: true,\n         regency: true,\n         user: {\n           select: {\n             id: true,\n             name: true\n           }\n         }\n       },\n       where: {\n         userId: undefined,\n         status: {\n           equals: 'WaitingBeProcess'\n         }\n         ~~~~~~~~~~~~~~~~~~~~~~~~~~~~\n       }\n     })\n\nArgument status: Provided value \n{\n  equals: 'WaitingBeProcess'\n}\nof type Json on prisma.findManyStore is not a StoreApprovalStatus.\n→ Possible values: StoreApprovalStatus.Pending, StoreApprovalStatus.Cancel, StoreApprovalStatus.Rejected, StoreApprovalStatus.Revise, StoreApprovalStatus.Revised, StoreApprovalStatus.OnReview, StoreApprovalStatus.Approved\n\n"[39m
13-06-2023 23:24:31:2431 [31merror[39m: [31m===app-error.middleware.ts===: "\nInvalid `prisma.store.findMany()` invocation in\n/Users/hudaboss/Projects/EasyCopies/API/src/store/controllers/store-v1.controller.ts:63:41\n\n  60 \t\treq.currentUser?.id as string\n  61 \t)\n  62 \n→ 63 const storeList = await prisma.store.findMany({\n       take: 10,\n       skip: 0,\n       orderBy: {\n         createdAt: 'desc'\n       },\n       include: {\n         province: true,\n         district: true,\n         regency: true,\n         user: {\n           select: {\n             id: true,\n             name: true\n           }\n         }\n       },\n       where: {\n         userId: undefined,\n         status: {\n           equals: 'WaitingBeProcess'\n         }\n         ~~~~~~~~~~~~~~~~~~~~~~~~~~~~\n       }\n     })\n\nArgument status: Provided value \n{\n  equals: 'WaitingBeProcess'\n}\nof type Json on prisma.findManyStore is not a StoreApprovalStatus.\n→ Possible values: StoreApprovalStatus.Pending, StoreApprovalStatus.Cancel, StoreApprovalStatus.Rejected, StoreApprovalStatus.Revise, StoreApprovalStatus.Revised, StoreApprovalStatus.OnReview, StoreApprovalStatus.Approved\n\n"[39m
13-06-2023 23:25:16:2516 [31merror[39m: [31m===app-error.middleware.ts===: "Store not found"[39m
13-06-2023 23:26:13:2613 [31merror[39m: [31m===app-error.middleware.ts===: "\nInvalid `prisma.transaction.findMany()` invocation in\n/Users/hudaboss/Projects/EasyCopies/API/src/transaction/controllers/transaction-v1.controller.ts:62:53\n\n  59 \t\treq.currentUser?.id as string\n  60 \t)\n  61 \n→ 62 const transactionList = await prisma.transaction.findMany({\n       take: 10,\n       skip: 0,\n       orderBy: {\n         createdAt: 'desc'\n       },\n       where: {\n         userId: undefined,\n         status: {\n           equals: 'Pending'\n         }\n         ~~~~~~~~~~~~~~~~~~~\n       }\n     })\n\nArgument status: Provided value \n{\n  equals: 'Pending'\n}\nof type Json on prisma.findManyTransaction is not a TransactionApprovalStatus.\n→ Possible values: TransactionApprovalStatus.WaitingBeProcess, TransactionApprovalStatus.OnProcess, TransactionApprovalStatus.Rejected, TransactionApprovalStatus.Canceled, TransactionApprovalStatus.Done\n\n"[39m
14-06-2023 17:17:49:1749 [31merror[39m: [31m===app-error.middleware.ts===: "Pending approval should be going through On Review or maybe to Rejected!"[39m
14-06-2023 17:18:08:188 [31merror[39m: [31m===app-error.middleware.ts===: ""[39m
14-06-2023 17:21:16:2116 [31merror[39m: [31m===app-error.middleware.ts===: ""[39m
14-06-2023 17:23:52:2352 [31merror[39m: [31m===app-error.middleware.ts===: "jwt expired"[39m
14-06-2023 17:24:03:243 [31merror[39m: [31m===app-error.middleware.ts===: "\nInvalid `prisma.storeService.findFirst()` invocation in\n/Users/hudaboss/Projects/EasyCopies/API/src/transaction/controllers/transaction-v1.controller.ts:133:57\n\n  130 if (!storeDetail) throw new ErrorNotFound('Store not found')\n  131 \n  132 // Find store service\n→ 133 const storeServiceDetail = await prisma.storeService.findFirst({\n        where: {\n          storeId: '9875a8eb-e69f-4bcc-a9e5-e43171223e9e',\n          name: 'Printing'\n                ~~~~~~~~~~\n        }\n      })\n\nArgument name: Got invalid value 'Printing' on prisma.findFirstStoreService. Provided String, expected EnumStoreServiceNameFilter or StoreServiceName:\ntype EnumStoreServiceNameFilter {\n  equals?: StoreServiceName\n  in?: List<StoreServiceName> | StoreServiceName\n  notIn?: List<StoreServiceName> | StoreServiceName\n  not?: StoreServiceName | NestedEnumStoreServiceNameFilter\n}\ntype EnumStoreServiceNameFilter {\n  equals?: StoreServiceName\n  in?: List<StoreServiceName> | StoreServiceName\n  notIn?: List<StoreServiceName> | StoreServiceName\n  not?: StoreServiceName | NestedEnumStoreServiceNameFilter\n}\n\n"[39m
14-06-2023 17:25:07:257 [31merror[39m: [31m===app-error.middleware.ts===: "\nInvalid `prisma.storeService.findFirst()` invocation in\n/Users/hudaboss/Projects/EasyCopies/API/src/transaction/controllers/transaction-v1.controller.ts:133:57\n\n  130 if (!storeDetail) throw new ErrorNotFound('Store not found')\n  131 \n  132 // Find store service\n→ 133 const storeServiceDetail = await prisma.storeService.findFirst({\n        where: {\n          storeId: '9875a8eb-e69f-4bcc-a9e5-e43171223e9e',\n          name: 'Printing'\n                ~~~~~~~~~~\n        }\n      })\n\nArgument name: Got invalid value 'Printing' on prisma.findFirstStoreService. Provided String, expected EnumStoreServiceNameFilter or StoreServiceName:\ntype EnumStoreServiceNameFilter {\n  equals?: StoreServiceName\n  in?: List<StoreServiceName> | StoreServiceName\n  notIn?: List<StoreServiceName> | StoreServiceName\n  not?: StoreServiceName | NestedEnumStoreServiceNameFilter\n}\ntype EnumStoreServiceNameFilter {\n  equals?: StoreServiceName\n  in?: List<StoreServiceName> | StoreServiceName\n  notIn?: List<StoreServiceName> | StoreServiceName\n  not?: StoreServiceName | NestedEnumStoreServiceNameFilter\n}\n\n"[39m
14-06-2023 17:25:58:2558 [31merror[39m: [31m===app-error.middleware.ts===: "Store service of Printing not found"[39m
14-06-2023 17:26:53:2653 [31merror[39m: [31m===app-error.middleware.ts===: "Store service of Printing not found"[39m
14-06-2023 17:26:53:2653 [31merror[39m: [31m===app-error.middleware.ts===: "Store service of Printing not found"[39m
14-06-2023 17:27:13:2713 [31merror[39m: [31m===app-error.middleware.ts===: "Store service of Printing not found"[39m
14-06-2023 17:27:38:2738 [31merror[39m: [31m===app-error.middleware.ts===: "Store service of Printing not found"[39m
14-06-2023 17:28:15:2815 [31merror[39m: [31m===app-error.middleware.ts===: "Store service of Printing not found"[39m
14-06-2023 17:28:28:2828 [31merror[39m: [31m===app-error.middleware.ts===: ""[39m
14-06-2023 17:39:03:393 [31merror[39m: [31m===app-error.middleware.ts===: "You did not have active role"[39m
14-06-2023 17:39:53:3953 [31merror[39m: [31m===app-error.middleware.ts===: "Store not found"[39m
14-06-2023 17:39:57:3957 [31merror[39m: [31m===app-error.middleware.ts===: "Store not found"[39m
14-06-2023 17:40:09:409 [31merror[39m: [31m===app-error.middleware.ts===: "Pending approval should be going through On Review or maybe to Rejected!"[39m
14-06-2023 17:43:50:4350 [31merror[39m: [31m===app-error.middleware.ts===: "Store not found"[39m
14-06-2023 17:49:18:4918 [31merror[39m: [31m===app-error.middleware.ts===: "jwt expired"[39m
14-06-2023 17:49:22:4922 [31merror[39m: [31m===app-error.middleware.ts===: "jwt expired"[39m
14-06-2023 17:49:30:4930 [31merror[39m: [31m===app-error.middleware.ts===: ""[39m
14-06-2023 17:49:32:4932 [31merror[39m: [31m===app-error.middleware.ts===: ""[39m
14-06-2023 18:39:24:3924 [31merror[39m: [31m===prisma/seed.ts===: [39m
[31mInvalid `		prisma.user.update()` invocation in[39m
[31m/Users/hudaboss/Projects/EasyCopies/API/prisma/seed.ts:80:16[39m

[31m  77 [39m
[31m  78 await prisma.$transaction([39m
[31m  79 	selectedUsers.map(user =>[39m
[31m→ 80 		prisma.user.update([39m
[31mUnique constraint failed on the fields: (`userId`,`roleId`)[39m
14-06-2023 18:39:45:3945 [31merror[39m: [31m===prisma/seed.ts===: [39m
[31mInvalid `prisma.$transaction([prisma.store.createMany()` invocation in[39m
[31m/Users/hudaboss/Projects/EasyCopies/API/prisma/seed.ts:191:43[39m

[31m  188 	}[39m
[31m  189 ][39m
[31m  190 [39m
[31m→ 191 await prisma.$transaction([prisma.store.createMany({[39m
[31m        data: [[39m
[31m          {[39m
[31m            name: 'Jaya Abadi',[39m
[31m            description: 'Jaya Abadi Open 24 Jam Untuk Penerimaan Fotocopy',[39m
[31m            phoneNumber: '089898943497',[39m
[31m            address: 'Kampus Widyatama',[39m
[31m            addressNote: 'Turunan Gedung B',[39m
[31m            provinceCode: '32',[39m
[31m            regencyCode: '3273',[39m
[31m            districtCode: '327314',[39m
[31m            postalCode: '40125',[39m
[31m            mapCoordinate: {[39m
[31m              longitude: 107.6448221,[39m
[31m              latitude: -6.8979318[39m
[31m            },[39m
[31m            storeLogo: null,[39m
[31m            storePhoto: 'https://picsum.photos/200/300',[39m
[31m            nik: '3321116502910000',[39m
[31m            ktpPhoto: 'https://picsum.photos/200/300',[39m
[31m            npwp: null,[39m
[31m            npwpPhoto: null,[39m
[31m            isOpen: false,[39m
[31m            userId: 'c9704986-ebe2-4a02-8c15-3f01472a0173',[39m
[31m            email: 'test.hudaprasetyo@gmail.com',[39m
[31m            status: 'Pending',[39m
[31m            storeApprovals: {[39m
[31m            ~~~~~~~~~~~~~~[39m
[31m              create: {[39m
[31m                status: 'Approved',[39m
[31m                statusDescription: 'Already Approved',[39m
[31m                user: {[39m
[31m                  connect: {[39m
[31m                    id: 'c9704986-ebe2-4a02-8c15-3f01472a0173'[39m
[31m                  }[39m
[31m                }[39m
[31m              }[39m
[31m            }[39m
[31m          }[39m
[31m        ][39m
[31m      })[39m

[31mUnknown arg `storeApprovals` in data.0.storeApprovals for type StoreCreateManyInput. Available args:[39m

[31mtype StoreCreateManyInput {[39m
[31m  id?: String[39m
[31m  name: String[39m
[31m  description: String[39m
[31m  phoneNumber: String[39m
[31m  email: String[39m
[31m  address: String[39m
[31m  addressNote?: String | Null[39m
[31m  provinceCode: String[39m
[31m  regencyCode: String[39m
[31m  districtCode: String[39m
[31m  postalCode: String[39m
[31m  mapCoordinate?: NullableJsonNullValueInput | Json[39m
[31m  storeLogo?: String | Null[39m
[31m  storePhoto: String[39m
[31m  nik: String[39m
[31m  ktpPhoto: String[39m
[31m  npwp?: String | Null[39m
[31m  npwpPhoto?: String | Null[39m
[31m  userId: String[39m
[31m  status?: StoreApprovalStatus | Null[39m
[31m  isOpen?: Boolean[39m
[31m  createdAt?: DateTime[39m
[31m  updatedAt?: DateTime[39m
[31m}[39m

[31m[39m
14-06-2023 18:44:29:4429 [31merror[39m: [31m===prisma/seed.ts===: Cannot read properties of null (reading 'id')[39m
14-06-2023 18:44:56:4456 [31merror[39m: [31m===prisma/seed.ts===: Cannot read properties of null (reading 'id')[39m
14-06-2023 18:45:11:4511 [31merror[39m: [31m===prisma/seed.ts===: [39m
[31mInvalid `		prisma.role.update()` invocation in[39m
[31m/Users/hudaboss/Projects/EasyCopies/API/prisma/seed.ts:119:16[39m

[31m  116 return [[39m
[31m  117 	// Assign to Admin Role[39m
[31m  118 	...permissions.map(({ code }) =>[39m
[31m→ 119 		prisma.role.update({[39m
[31m        where: {[39m
[31m      ?   id?: String,[39m
[31m      ?   name?: String[39m
[31m        },[39m
[31m        data: {[39m
[31m          permissions: {[39m
[31m            create: {[39m
[31m              permission: {[39m
[31m                connect: {[39m
[31m                  code: 'User Management'[39m
[31m                }[39m
[31m              },[39m
[31m              actions: {[39m
[31m                create: true,[39m
[31m                read: true,[39m
[31m                update: true,[39m
[31m                delete: true[39m
[31m              }[39m
[31m            }[39m
[31m          }[39m
[31m        }[39m
[31m      })[39m

[31mArgument where of type RoleWhereUniqueInput needs at least one argument. Available args are listed in green.[39m

[31mNote: Lines with ? are optional.[39m
[31m[39m
14-06-2023 18:47:02:472 [31merror[39m: [31m===prisma/seed.ts===: [39m
[31mInvalid `		prisma.role.update()` invocation in[39m
[31m/Users/hudaboss/Projects/EasyCopies/API/prisma/seed.ts:118:16[39m

[31m  115 [39m
[31m  116 return [[39m
[31m  117 	...permissions.map(({ code }) =>[39m
[31m→ 118 		prisma.role.update({[39m
[31m        where: {[39m
[31m      ?   id?: String,[39m
[31m      ?   name?: String[39m
[31m        },[39m
[31m        data: {[39m
[31m          permissions: {[39m
[31m            create: {[39m
[31m              permission: {[39m
[31m                connect: {[39m
[31m                  code: 'User Management'[39m
[31m                }[39m
[31m              },[39m
[31m              actions: {[39m
[31m                create: true,[39m
[31m                read: true,[39m
[31m                update: true,[39m
[31m                delete: true[39m
[31m              }[39m
[31m            }[39m
[31m          }[39m
[31m        }[39m
[31m      })[39m

[31mArgument where of type RoleWhereUniqueInput needs at least one argument. Available args are listed in green.[39m

[31mNote: Lines with ? are optional.[39m
[31m[39m
14-06-2023 18:47:14:4714 [31merror[39m: [31m===prisma/seed.ts===: [39m
[31mInvalid `	prisma.role.update()` invocation in[39m
[31m/Users/hudaboss/Projects/EasyCopies/API/prisma/seed.ts:117:15[39m

[31m  114 const adminRole = await prisma.role.findFirst({ where: { name: 'Admin' } })[39m
[31m  115 [39m
[31m  116 return permissions.map(({ code }) =>[39m
[31m→ 117 	prisma.role.update({[39m
[31m        where: {[39m
[31m      ?   id?: String,[39m
[31m      ?   name?: String[39m
[31m        },[39m
[31m        data: {[39m
[31m          permissions: {[39m
[31m            create: {[39m
[31m              permission: {[39m
[31m                connect: {[39m
[31m                  code: 'User Management'[39m
[31m                }[39m
[31m              },[39m
[31m              actions: {[39m
[31m                create: true,[39m
[31m                read: true,[39m
[31m                update: true,[39m
[31m                delete: true[39m
[31m              }[39m
[31m            }[39m
[31m          }[39m
[31m        }[39m
[31m      })[39m

[31mArgument where of type RoleWhereUniqueInput needs at least one argument. Available args are listed in green.[39m

[31mNote: Lines with ? are optional.[39m
[31m[39m
14-06-2023 18:47:50:4750 [31merror[39m: [31m===prisma/seed.ts===: [39m
[31mInvalid `	prisma.role.update()` invocation in[39m
[31m/Users/hudaboss/Projects/EasyCopies/API/prisma/seed.ts:119:15[39m

[31m  116 })) as Role[39m
[31m  117 [39m
[31m  118 return permissions.map(({ code }) =>[39m
[31m→ 119 	prisma.role.update({[39m
[31m        where: {[39m
[31m      ?   id?: String,[39m
[31m      ?   name?: String[39m
[31m        },[39m
[31m        data: {[39m
[31m          permissions: {[39m
[31m            create: {[39m
[31m              permission: {[39m
[31m                connect: {[39m
[31m                  code: 'User Management'[39m
[31m                }[39m
[31m              },[39m
[31m              actions: {[39m
[31m                create: true,[39m
[31m                read: true,[39m
[31m                update: true,[39m
[31m                delete: true[39m
[31m              }[39m
[31m            }[39m
[31m          }[39m
[31m        }[39m
[31m      })[39m

[31mArgument where of type RoleWhereUniqueInput needs at least one argument. Available args are listed in green.[39m

[31mNote: Lines with ? are optional.[39m
[31m[39m
14-06-2023 18:50:18:5018 [31merror[39m: [31m===prisma/seed.ts===: [39m
[31mInvalid `	prisma.role.update()` invocation in[39m
[31m/Users/hudaboss/Projects/EasyCopies/API/prisma/seed.ts:121:15[39m

[31m  118 console.log(adminRole)[39m
[31m  119 [39m
[31m  120 return permissions.map(({ code }) =>[39m
[31m→ 121 	prisma.role.update({[39m
[31m        where: {[39m
[31m      ?   id?: String,[39m
[31m      ?   name?: String[39m
[31m        },[39m
[31m        data: {[39m
[31m          permissions: {[39m
[31m            create: {[39m
[31m              permission: {[39m
[31m                connect: {[39m
[31m                  code: 'User Management'[39m
[31m                }[39m
[31m              },[39m
[31m              actions: {[39m
[31m                create: true,[39m
[31m                read: true,[39m
[31m                update: true,[39m
[31m                delete: true[39m
[31m              }[39m
[31m            }[39m
[31m          }[39m
[31m        }[39m
[31m      })[39m

[31mArgument where of type RoleWhereUniqueInput needs at least one argument. Available args are listed in green.[39m

[31mNote: Lines with ? are optional.[39m
[31m[39m
14-06-2023 18:51:46:5146 [31merror[39m: [31m===prisma/seed.ts===: [39m
[31mInvalid `	prisma.role.update()` invocation in[39m
[31m/Users/hudaboss/Projects/EasyCopies/API/prisma/seed.ts:119:15[39m

[31m  116 })) as Role[39m
[31m  117 [39m
[31m  118 return permissions.map(({ code }) =>[39m
[31m→ 119 	prisma.role.update({[39m
[31m        where: {[39m
[31m      ?   id?: String,[39m
[31m      ?   name?: String[39m
[31m        },[39m
[31m        data: {[39m
[31m          permissions: {[39m
[31m            create: {[39m
[31m              permission: {[39m
[31m                connect: {[39m
[31m                  code: 'User Management'[39m
[31m                }[39m
[31m              },[39m
[31m              actions: {[39m
[31m                create: true,[39m
[31m                read: true,[39m
[31m                update: true,[39m
[31m                delete: true[39m
[31m              }[39m
[31m            }[39m
[31m          }[39m
[31m        }[39m
[31m      })[39m

[31mArgument where of type RoleWhereUniqueInput needs at least one argument. Available args are listed in green.[39m

[31mNote: Lines with ? are optional.[39m
[31m[39m
14-06-2023 18:52:02:522 [31merror[39m: [31m===prisma/seed.ts===: [39m
[31mInvalid `	prisma.role.update()` invocation in[39m
[31m/Users/hudaboss/Projects/EasyCopies/API/prisma/seed.ts:121:15[39m

[31m  118 console.log(adminRole)[39m
[31m  119 [39m
[31m  120 return permissions.map(({ code }) =>[39m
[31m→ 121 	prisma.role.update({[39m
[31m        where: {[39m
[31m      ?   id?: String,[39m
[31m      ?   name?: String[39m
[31m        },[39m
[31m        data: {[39m
[31m          permissions: {[39m
[31m            create: {[39m
[31m              permission: {[39m
[31m                connect: {[39m
[31m                  code: 'User Management'[39m
[31m                }[39m
[31m              },[39m
[31m              actions: {[39m
[31m                create: true,[39m
[31m                read: true,[39m
[31m                update: true,[39m
[31m                delete: true[39m
[31m              }[39m
[31m            }[39m
[31m          }[39m
[31m        }[39m
[31m      })[39m

[31mArgument where of type RoleWhereUniqueInput needs at least one argument. Available args are listed in green.[39m

[31mNote: Lines with ? are optional.[39m
[31m[39m
14-06-2023 18:55:15:5515 [31merror[39m: [31m===prisma/seed.ts===: Cannot read properties of null (reading 'id')[39m
14-06-2023 18:56:08:568 [31merror[39m: [31m===prisma/seed.ts===: Cannot read properties of null (reading 'id')[39m
14-06-2023 18:56:43:5643 [31merror[39m: [31m===prisma/seed.ts===: Cannot read properties of null (reading 'id')[39m
14-06-2023 18:58:07:587 [31merror[39m: [31m===prisma/seed.ts===: [39m
[31mInvalid `	prisma.role.update()` invocation in[39m
[31m/Users/hudaboss/Projects/EasyCopies/API/prisma/seed.ts:167:15[39m

[31m  164 })) as Role[39m
[31m  165 [39m
[31m  166 return permissions.map(({ code }) =>[39m
[31m→ 167 	prisma.role.update({[39m
[31m        where: {[39m
[31m      ?   id?: String,[39m
[31m      ?   name?: String[39m
[31m        },[39m
[31m        data: {[39m
[31m          permissions: {[39m
[31m            create: {[39m
[31m              permission: {[39m
[31m                connect: {[39m
[31m                  code: 'User Management'[39m
[31m                }[39m
[31m              },[39m
[31m              actions: {[39m
[31m                create: true,[39m
[31m                read: true,[39m
[31m                update: true,[39m
[31m                delete: true[39m
[31m              }[39m
[31m            }[39m
[31m          }[39m
[31m        }[39m
[31m      })[39m

[31mArgument where of type RoleWhereUniqueInput needs at least one argument. Available args are listed in green.[39m

[31mNote: Lines with ? are optional.[39m
[31m[39m
14-06-2023 18:59:40:5940 [31merror[39m: [31m===prisma/seed.ts===: [39m
[31mInvalid `	prisma.role.update()` invocation in[39m
[31m/Users/hudaboss/Projects/EasyCopies/API/prisma/seed.ts:165:15[39m

[31m  162 })) as Role[39m
[31m  163 [39m
[31m  164 return permissions.map(({ code }) =>[39m
[31m→ 165 	prisma.role.update({[39m
[31m        where: {[39m
[31m      ?   id?: String,[39m
[31m      ?   name?: String[39m
[31m        },[39m
[31m        data: {[39m
[31m          permissions: {[39m
[31m            create: {[39m
[31m              permission: {[39m
[31m                connect: {[39m
[31m                  code: 'User Management'[39m
[31m                }[39m
[31m              },[39m
[31m              actions: {[39m
[31m                create: true,[39m
[31m                read: true,[39m
[31m                update: true,[39m
[31m                delete: true[39m
[31m              }[39m
[31m            }[39m
[31m          }[39m
[31m        }[39m
[31m      })[39m

[31mArgument where of type RoleWhereUniqueInput needs at least one argument. Available args are listed in green.[39m

[31mNote: Lines with ? are optional.[39m
[31m[39m
14-06-2023 19:01:13:113 [31merror[39m: [31m===prisma/seed.ts===: [39m
[31mInvalid `	prisma.role.upsert()` invocation in[39m
[31m/Users/hudaboss/Projects/EasyCopies/API/prisma/seed.ts:165:15[39m

[31m  162 })) as Role[39m
[31m  163 [39m
[31m  164 return permissions.map(({ code }) =>[39m
[31m→ 165 	prisma.role.upsert({[39m
[31m        where: {[39m
[31m      ?   id?: String,[39m
[31m      ?   name?: String[39m
[31m        },[39m
[31m        update: {},[39m
[31m        create: {[39m
[31m          name: 'User Management',[39m
[31m          permissions: {[39m
[31m            create: {[39m
[31m              permission: {[39m
[31m                connect: {[39m
[31m                  code: 'User Management'[39m
[31m                }[39m
[31m              },[39m
[31m              actions: {[39m
[31m                create: true,[39m
[31m                read: true,[39m
[31m                update: true,[39m
[31m                delete: true[39m
[31m              }[39m
[31m            }[39m
[31m          }[39m
[31m        }[39m
[31m      })[39m

[31mArgument where of type RoleWhereUniqueInput needs at least one argument. Available args are listed in green.[39m

[31mNote: Lines with ? are optional.[39m
[31m[39m
14-06-2023 19:01:37:137 [31merror[39m: [31m===prisma/seed.ts===: [39m
[31mInvalid `	prisma.role.upsert()` invocation in[39m
[31m/Users/hudaboss/Projects/EasyCopies/API/prisma/seed.ts:167:15[39m

[31m  164 console.log('ADMIN ROLE', adminRole)[39m
[31m  165 [39m
[31m  166 return permissions.map(({ code }) =>[39m
[31m→ 167 	prisma.role.upsert({[39m
[31m        where: {[39m
[31m      ?   id?: String,[39m
[31m      ?   name?: String[39m
[31m        },[39m
[31m        update: {},[39m
[31m        create: {[39m
[31m          name: 'User Management',[39m
[31m          permissions: {[39m
[31m            create: {[39m
[31m              permission: {[39m
[31m                connect: {[39m
[31m                  code: 'User Management'[39m
[31m                }[39m
[31m              },[39m
[31m              actions: {[39m
[31m                create: true,[39m
[31m                read: true,[39m
[31m                update: true,[39m
[31m                delete: true[39m
[31m              }[39m
[31m            }[39m
[31m          }[39m
[31m        }[39m
[31m      })[39m

[31mArgument where of type RoleWhereUniqueInput needs at least one argument. Available args are listed in green.[39m

[31mNote: Lines with ? are optional.[39m
[31m[39m
14-06-2023 19:02:22:222 [31merror[39m: [31m===prisma/seed.ts===: [39m
[31mInvalid `	prisma.role.update()` invocation in[39m
[31m/Users/hudaboss/Projects/EasyCopies/API/prisma/seed.ts:165:15[39m

[31m  162 })) as Role[39m
[31m  163 [39m
[31m  164 return permissions.map(({ code }) =>[39m
[31m→ 165 	prisma.role.update({[39m
[31m        where: {[39m
[31m      ?   id?: String,[39m
[31m      ?   name?: String[39m
[31m        },[39m
[31m        data: {[39m
[31m          permissions: {[39m
[31m            create: {[39m
[31m              permission: {[39m
[31m                connect: {[39m
[31m                  code: 'User Management'[39m
[31m                }[39m
[31m              },[39m
[31m              actions: {[39m
[31m                create: true,[39m
[31m                read: true,[39m
[31m                update: true,[39m
[31m                delete: true[39m
[31m              }[39m
[31m            }[39m
[31m          }[39m
[31m        }[39m
[31m      })[39m

[31mArgument where of type RoleWhereUniqueInput needs at least one argument. Available args are listed in green.[39m

[31mNote: Lines with ? are optional.[39m
[31m[39m
14-06-2023 19:04:47:447 [31merror[39m: [31m===prisma/seed.ts===: [39m
[31mInvalid `prisma.$transaction([prisma.store.createMany()` invocation in[39m
[31m/Users/hudaboss/Projects/EasyCopies/API/prisma/seed.ts:190:43[39m

[31m  187 	}[39m
[31m  188 ][39m
[31m  189 [39m
[31m→ 190 return prisma.$transaction([prisma.store.createMany({[39m
[31m        data: [[39m
[31m          {[39m
[31m            name: 'Jaya Abadi',[39m
[31m            description: 'Jaya Abadi Open 24 Jam Untuk Penerimaan Fotocopy',[39m
[31m            phoneNumber: '089898943497',[39m
[31m            address: 'Kampus Widyatama',[39m
[31m            addressNote: 'Turunan Gedung B',[39m
[31m            provinceCode: '32',[39m
[31m            regencyCode: '3273',[39m
[31m            districtCode: '327314',[39m
[31m            postalCode: '40125',[39m
[31m            mapCoordinate: {[39m
[31m              longitude: 107.6448221,[39m
[31m              latitude: -6.8979318[39m
[31m            },[39m
[31m            storeLogo: null,[39m
[31m            storePhoto: 'https://picsum.photos/200/300',[39m
[31m            nik: '3321116502910000',[39m
[31m            ktpPhoto: 'https://picsum.photos/200/300',[39m
[31m            npwp: null,[39m
[31m            npwpPhoto: null,[39m
[31m            isOpen: false,[39m
[31m            userId: '02d02dea-e5ee-46ce-bcbf-b91cda1c39c6',[39m
[31m            email: 'test.hudaprasetyo@gmail.com',[39m
[31m            status: 'Pending',[39m
[31m            storeApprovals: {[39m
[31m            ~~~~~~~~~~~~~~[39m
[31m              create: {[39m
[31m                status: 'Approved',[39m
[31m                statusDescription: 'Already Approved',[39m
[31m                user: {[39m
[31m                  connect: {[39m
[31m                    id: '02d02dea-e5ee-46ce-bcbf-b91cda1c39c6'[39m
[31m                  }[39m
[31m                }[39m
[31m              }[39m
[31m            }[39m
[31m          }[39m
[31m        ][39m
[31m      })[39m

[31mUnknown arg `storeApprovals` in data.0.storeApprovals for type StoreCreateManyInput. Available args:[39m

[31mtype StoreCreateManyInput {[39m
[31m  id?: String[39m
[31m  name: String[39m
[31m  description: String[39m
[31m  phoneNumber: String[39m
[31m  email: String[39m
[31m  address: String[39m
[31m  addressNote?: String | Null[39m
[31m  provinceCode: String[39m
[31m  regencyCode: String[39m
[31m  districtCode: String[39m
[31m  postalCode: String[39m
[31m  mapCoordinate?: NullableJsonNullValueInput | Json[39m
[31m  storeLogo?: String | Null[39m
[31m  storePhoto: String[39m
[31m  nik: String[39m
[31m  ktpPhoto: String[39m
[31m  npwp?: String | Null[39m
[31m  npwpPhoto?: String | Null[39m
[31m  userId: String[39m
[31m  status?: StoreApprovalStatus | Null[39m
[31m  isOpen?: Boolean[39m
[31m  createdAt?: DateTime[39m
[31m  updatedAt?: DateTime[39m
[31m}[39m

[31m[39m
14-06-2023 19:15:34:1534 [31merror[39m: [31m===app-error.middleware.ts===: "Role not found"[39m
14-06-2023 19:15:36:1536 [31merror[39m: [31m===app-error.middleware.ts===: "Role not found"[39m
14-06-2023 19:32:47:3247 [31merror[39m: [31m===app-error.middleware.ts===: "Store not found"[39m
14-06-2023 19:32:50:3250 [31merror[39m: [31m===app-error.middleware.ts===: "\nInvalid `prisma.transaction.findMany()` invocation in\n/Users/hudaboss/Projects/EasyCopies/API/src/transaction/controllers/transaction-v1.controller.ts:69:53\n\n  66 \t\treq.currentUser?.id as string\n  67 \t)\n  68 \n→ 69 const transactionList = await prisma.transaction.findMany({\n       take: 10,\n       skip: 0,\n       orderBy: {\n         createdAt: 'desc'\n       },\n       where: {\n         userId: undefined,\n         status: {\n           equals: 'WaitingBeProcess'\n         }\n         ~~~~~~~~~~~~~~~~~~~~~~~~~~~~\n       }\n     })\n\nArgument status: Provided value \n{\n  equals: 'WaitingBeProcess'\n}\nof type Json on prisma.findManyTransaction is not a TransactionApprovalStatus.\n→ Possible values: TransactionApprovalStatus.WaitingPayment, TransactionApprovalStatus.WaitingConfirmation, TransactionApprovalStatus.OnProcess, TransactionApprovalStatus.ReadyToPickup, TransactionApprovalStatus.Canceled, TransactionApprovalStatus.Rejected, TransactionApprovalStatus.Done\n\n"[39m
14-06-2023 19:33:41:3341 [31merror[39m: [31m===app-error.middleware.ts===: "\nInvalid `prisma.transaction.findMany()` invocation in\n/Users/hudaboss/Projects/EasyCopies/API/src/transaction/controllers/transaction-v1.controller.ts:78:53\n\n  75 \tstatus: { equals: _status }\n  76 }\n  77 \n→ 78 const transactionList = await prisma.transaction.findMany({\n       take: 10,\n       skip: 0,\n       orderBy: {\n         createdAt: 'desc'\n       },\n       where: {\n         userId: undefined,\n         status: {\n           equals: 'WaitingBeProcess'\n         }\n         ~~~~~~~~~~~~~~~~~~~~~~~~~~~~\n       }\n     })\n\nArgument status: Provided value \n{\n  equals: 'WaitingBeProcess'\n}\nof type Json on prisma.findManyTransaction is not a TransactionApprovalStatus.\n→ Possible values: TransactionApprovalStatus.WaitingPayment, TransactionApprovalStatus.WaitingConfirmation, TransactionApprovalStatus.OnProcess, TransactionApprovalStatus.ReadyToPickup, TransactionApprovalStatus.Canceled, TransactionApprovalStatus.Rejected, TransactionApprovalStatus.Done\n\n"[39m
14-06-2023 19:34:35:3435 [31merror[39m: [31m===app-error.middleware.ts===: "Transaction Status is invalid"[39m
14-06-2023 19:34:43:3443 [31merror[39m: [31m===app-error.middleware.ts===: "Store not found"[39m
14-06-2023 19:34:53:3453 [31merror[39m: [31m===app-error.middleware.ts===: "Store service of Printing not found"[39m
14-06-2023 19:36:19:3619 [31merror[39m: [31m===app-error.middleware.ts===: "Your account not registered in our system"[39m
14-06-2023 19:39:28:3928 [31merror[39m: [31m===app-error.middleware.ts===: "\nInvalid `prisma.transaction.findMany()` invocation in\n/Users/hudaboss/Projects/EasyCopies/API/src/transaction/controllers/transaction-v1.controller.ts:82:53\n\n  79 \tstatus: { equals: _status }\n  80 }\n  81 \n→ 82 const transactionList = await prisma.transaction.findMany(\nThe column `transactions.storeId` does not exist in the current database."[39m
14-06-2023 19:39:50:3950 [31merror[39m: [31m===app-error.middleware.ts===: "\nInvalid `prisma.transaction.findMany()` invocation in\n/Users/hudaboss/Projects/EasyCopies/API/src/transaction/controllers/transaction-v1.controller.ts:82:53\n\n  79 \tstatus: { equals: _status }\n  80 }\n  81 \n→ 82 const transactionList = await prisma.transaction.findMany(\nThe column `transactions.storeId` does not exist in the current database."[39m
14-06-2023 19:40:38:4038 [31merror[39m: [31m===app-error.middleware.ts===: "Store not found"[39m
14-06-2023 19:40:49:4049 [31merror[39m: [31m===app-error.middleware.ts===: "Store not found"[39m
